<?xml version="1.0" encoding="UTF-8"?>
<!-- Generated by org.testng.reporters.JUnitXMLReporter -->
<testsuite ignored="2" hostname="Vino" failures="1" tests="4" name="parameter" time="0.16" errors="0" timestamp="2020-05-24T13:18:00 IST">
  <testcase classname="Testlearn.Tparamter" name="login1" time="0.025"/>
  <testcase classname="Testlearn.Tparamter" name="login2" time="0.004"/>
  <testcase classname="Testlearn.Tnassert" name="browser" time="0.002"/>
  <testcase classname="Testlearn.Tnassert" name="softassert1" time="0.012">
    <failure type="java.lang.AssertionError" message="The following asserts failed:
	expected [string] but found [st]">
      <![CDATA[java.lang.AssertionError: The following asserts failed:
expected [string] but found [st]
at Testlearn.Tnassert.softassert1(Tnassert.java:42)
at java.base/java.util.ArrayList.forEach(ArrayList.java:1510)
... Removed 29 stack frames]]>
    </failure>
  </testcase> <!-- softassert1 -->
  <testcase classname="Testlearn.Tnassert" name="asserthard1" time="0.0">
    <ignored/>
  </testcase> <!-- asserthard1 -->
  <testcase classname="Testlearn.Tnassert" name="asserthard" time="0.0">
    <ignored/>
  </testcase> <!-- asserthard -->
</testsuite> <!-- parameter -->
