<?xml version="1.0" encoding="UTF-8"?>
<!-- Generated by org.testng.reporters.JUnitXMLReporter -->
<testsuite ignored="2" hostname="Vino" failures="2" tests="10" name="Annotation test cases-Attributes" time="0.43" errors="0" timestamp="2020-05-03T21:10:11 IST">
  <testcase classname="Testlearn.TestNgtwo" name="a_leftpanel" time="0.018"/>
  <testcase classname="Testlearn.TestNgtwo" name="rightpanel" time="0.009"/>
  <testcase classname="Testlearn.TestNgtwo" name="g_dashboard1" time="0.004"/>
  <testcase classname="Testlearn.TestNgtwo" name="dashboard2" time="0.017"/>
  <testcase classname="Testlearn.TestNgbasic" name="displaylogin" time="0.008"/>
  <testcase classname="Testlearn.TestNgbasic" name="registerpage1" time="0.005"/>
  <testcase classname="Testlearn.testenabled" name="search" time="0.004"/>
  <testcase classname="Testlearn.testenabled" name="search2" time="0.008">
    <failure type="java.lang.Error" message="Unresolved compilation problem: 
	Unreachable code
">
      <![CDATA[java.lang.Error: Unresolved compilation problem: 
Unreachable code

at Testlearn.testenabled.search2(testenabled.java:18)
at java.base/java.util.ArrayList.forEach(ArrayList.java:1510)
... Removed 27 stack frames]]>
    </failure>
  </testcase> <!-- search2 -->
  <testcase classname="Testlearn.Ttimeout" name="quicklaunch" time="0.009"/>
  <testcase classname="Testlearn.Ttimeout" name="timeoutmed" time="0.133">
    <failure type="org.testng.internal.thread.ThreadTimeoutException" message="Method Testlearn.Ttimeout.timeoutmed() didn&amp;apos;t finish within the time-out 100">
      <![CDATA[org.testng.internal.thread.ThreadTimeoutException: Method Testlearn.Ttimeout.timeoutmed() didn't finish within the time-out 100
at java.base/java.util.ArrayList.forEach(ArrayList.java:1510)
... Removed 24 stack frames]]>
    </failure>
  </testcase> <!-- timeoutmed -->
  <testcase classname="Testlearn.TestNgbasic" name="registerpage2" time="0.0">
    <ignored/>
  </testcase> <!-- registerpage2 -->
  <testcase classname="Testlearn.testenabled" name="search3" time="0.0">
    <ignored/>
  </testcase> <!-- search3 -->
</testsuite> <!-- Annotation test cases-Attributes -->
