<?xml version="1.0" encoding="UTF-8"?>
<!-- Generated by org.testng.reporters.JUnitXMLReporter -->
<testsuite ignored="0" hostname="Vino" failures="2" tests="3" name="Assertfunction" time="0.189" errors="0" timestamp="2020-05-04T20:47:16 IST">
  <testcase classname="Testlearn.Tnassert" name="asserthard" time="0.028"/>
  <testcase classname="Testlearn.Tnassert" name="asserthard1" time="0.01">
    <failure type="java.lang.AssertionError" message="expected [true] but found [false]">
      <![CDATA[java.lang.AssertionError: expected [true] but found [false]
at Testlearn.Tnassert.asserthard1(Tnassert.java:21)
at java.base/java.util.ArrayList.forEach(ArrayList.java:1510)
... Removed 31 stack frames]]>
    </failure>
  </testcase> <!-- asserthard1 -->
  <testcase classname="Testlearn.Tnassert" name="softassert1" time="0.024">
    <failure type="java.lang.AssertionError" message="The following asserts failed:
	expected [string] but found [st]">
      <![CDATA[java.lang.AssertionError: The following asserts failed:
expected [string] but found [st]
at Testlearn.Tnassert.softassert1(Tnassert.java:31)
at java.base/java.util.ArrayList.forEach(ArrayList.java:1510)
... Removed 29 stack frames]]>
    </failure>
  </testcase> <!-- softassert1 -->
</testsuite> <!-- Assertfunction -->
